Symlinking /home/foscar/FMTC_2022/devel/share/roseus/ros/yolov7_ros/manifest.l
Symlinking /home/foscar/FMTC_2022/devel/share/roseus/ros/yolov7_ros/msg/ObjectTracking2D.l
Symlinking /home/foscar/FMTC_2022/devel/share/roseus/ros/yolov7_ros/msg/ObjectTracking2DArray.l
Symlinking /home/foscar/FMTC_2022/devel/share/common-lisp/ros/yolov7_ros/msg/ObjectTracking2DArray.lisp
Symlinking /home/foscar/FMTC_2022/devel/share/common-lisp/ros/yolov7_ros/msg/_package_ObjectTracking2DArray.lisp
Symlinking /home/foscar/FMTC_2022/devel/share/common-lisp/ros/yolov7_ros/msg/yolov7_ros-msg.asd
Symlinking /home/foscar/FMTC_2022/devel/share/common-lisp/ros/yolov7_ros/msg/_package_ObjectTracking2D.lisp
Symlinking /home/foscar/FMTC_2022/devel/share/common-lisp/ros/yolov7_ros/msg/ObjectTracking2D.lisp
Symlinking /home/foscar/FMTC_2022/devel/share/common-lisp/ros/yolov7_ros/msg/_package.lisp
Symlinking /home/foscar/FMTC_2022/devel/share/yolov7_ros/cmake/yolov7_ros-msg-paths.cmake
Symlinking /home/foscar/FMTC_2022/devel/share/yolov7_ros/cmake/yolov7_rosConfig-version.cmake
Symlinking /home/foscar/FMTC_2022/devel/share/yolov7_ros/cmake/yolov7_ros-msg-extras.cmake
Symlinking /home/foscar/FMTC_2022/devel/share/yolov7_ros/cmake/yolov7_rosConfig.cmake
Symlinking /home/foscar/FMTC_2022/devel/share/gennodejs/ros/yolov7_ros/_index.js
Symlinking /home/foscar/FMTC_2022/devel/share/gennodejs/ros/yolov7_ros/msg/ObjectTracking2DArray.js
Symlinking /home/foscar/FMTC_2022/devel/share/gennodejs/ros/yolov7_ros/msg/_index.js
Symlinking /home/foscar/FMTC_2022/devel/share/gennodejs/ros/yolov7_ros/msg/ObjectTracking2D.js
Symlinking /home/foscar/FMTC_2022/devel/include/yolov7_ros/ObjectTracking2D.h
Symlinking /home/foscar/FMTC_2022/devel/include/yolov7_ros/ObjectTracking2DArray.h
Symlinking /home/foscar/FMTC_2022/devel/lib/python2.7/dist-packages/yolov7_ros/__init__.py
Symlinking /home/foscar/FMTC_2022/devel/lib/python2.7/dist-packages/yolov7_ros/msg/__init__.py
Symlinking /home/foscar/FMTC_2022/devel/lib/python2.7/dist-packages/yolov7_ros/msg/_ObjectTracking2D.py
Symlinking /home/foscar/FMTC_2022/devel/lib/python2.7/dist-packages/yolov7_ros/msg/_ObjectTracking2DArray.py
Symlinking /home/foscar/FMTC_2022/devel/lib/pkgconfig/yolov7_ros.pc
